
*** Running vivado
    with args -log ClockCounter.vds -m64 -product Vivado -mode batch -messageDb vivado.pb -notrace -source ClockCounter.tcl



****** Vivado v2020.2 (64-bit)
  **** SW Build 3064766 on Wed Nov 18 09:12:45 MST 2020
  **** IP Build 3064653 on Wed Nov 18 14:17:31 MST 2020
    ** Copyright 1986-2020 Xilinx, Inc. All Rights Reserved.

source ClockCounter.tcl -notrace
Command: synth_design -top ClockCounter -part xc7a35tcpg236-1
Starting synth_design
Attempting to get a license for feature 'Synthesis' and/or device 'xc7a35t'
INFO: [Common 17-349] Got license for feature 'Synthesis' and/or device 'xc7a35t'
INFO: [Device 21-403] Loading part xc7a35tcpg236-1
INFO: [Synth 8-7079] Multithreading enabled for synth_design using a maximum of 2 processes.
INFO: [Synth 8-7078] Launching helper process for spawning children vivado processes
INFO: [Synth 8-7075] Helper process launched with PID 10456
---------------------------------------------------------------------------------
Starting RTL Elaboration : Time (s): cpu = 00:00:02 ; elapsed = 00:00:03 . Memory (MB): peak = 1102.715 ; gain = 0.000
---------------------------------------------------------------------------------
INFO: [Synth 8-6157] synthesizing module 'ClockCounter' [D:/work_FPGA/20240513_ClockCounter/20240513_ClockCounter.srcs/sources_1/new/ClockCounter.v:3]
INFO: [Synth 8-6157] synthesizing module 'clkDiv' [D:/work_FPGA/20240513_ClockCounter/20240513_ClockCounter.srcs/sources_1/imports/new/fndController.v:196]
	Parameter MAX_COUNT bound to: 100000 - type: integer 
INFO: [Synth 8-6155] done synthesizing module 'clkDiv' (1#1) [D:/work_FPGA/20240513_ClockCounter/20240513_ClockCounter.srcs/sources_1/imports/new/fndController.v:196]
INFO: [Synth 8-6157] synthesizing module 'clkDiv__parameterized0' [D:/work_FPGA/20240513_ClockCounter/20240513_ClockCounter.srcs/sources_1/imports/new/fndController.v:196]
	Parameter MAX_COUNT bound to: 10000000 - type: integer 
INFO: [Synth 8-6155] done synthesizing module 'clkDiv__parameterized0' (1#1) [D:/work_FPGA/20240513_ClockCounter/20240513_ClockCounter.srcs/sources_1/imports/new/fndController.v:196]
INFO: [Synth 8-6157] synthesizing module 'counter' [D:/work_FPGA/20240513_ClockCounter/20240513_ClockCounter.srcs/sources_1/imports/new/fndController.v:172]
	Parameter MAX_COUNT bound to: 4 - type: integer 
INFO: [Synth 8-6155] done synthesizing module 'counter' (2#1) [D:/work_FPGA/20240513_ClockCounter/20240513_ClockCounter.srcs/sources_1/imports/new/fndController.v:172]
INFO: [Synth 8-6157] synthesizing module 'clkDiv__parameterized1' [D:/work_FPGA/20240513_ClockCounter/20240513_ClockCounter.srcs/sources_1/imports/new/fndController.v:196]
	Parameter MAX_COUNT bound to: 100000000 - type: integer 
INFO: [Synth 8-6155] done synthesizing module 'clkDiv__parameterized1' (2#1) [D:/work_FPGA/20240513_ClockCounter/20240513_ClockCounter.srcs/sources_1/imports/new/fndController.v:196]
INFO: [Synth 8-6157] synthesizing module 'time_Counter' [D:/work_FPGA/20240513_ClockCounter/20240513_ClockCounter.srcs/sources_1/imports/new/fndController.v:222]
INFO: [Synth 8-6155] done synthesizing module 'time_Counter' (3#1) [D:/work_FPGA/20240513_ClockCounter/20240513_ClockCounter.srcs/sources_1/imports/new/fndController.v:222]
WARNING: [Synth 8-7071] port 'c_clk' of module 'time_Counter' is unconnected for instance 'U_minTime' [D:/work_FPGA/20240513_ClockCounter/20240513_ClockCounter.srcs/sources_1/new/ClockCounter.v:49]
WARNING: [Synth 8-7023] instance 'U_minTime' of module 'time_Counter' has 4 connections declared, but only 3 given [D:/work_FPGA/20240513_ClockCounter/20240513_ClockCounter.srcs/sources_1/new/ClockCounter.v:49]
INFO: [Synth 8-6157] synthesizing module 'digitSplitter' [D:/work_FPGA/20240513_ClockCounter/20240513_ClockCounter.srcs/sources_1/imports/new/fndController.v:58]
INFO: [Synth 8-6155] done synthesizing module 'digitSplitter' (4#1) [D:/work_FPGA/20240513_ClockCounter/20240513_ClockCounter.srcs/sources_1/imports/new/fndController.v:58]
WARNING: [Synth 8-7071] port 'o_digit_100' of module 'digitSplitter' is unconnected for instance 'U_secDisp' [D:/work_FPGA/20240513_ClockCounter/20240513_ClockCounter.srcs/sources_1/new/ClockCounter.v:55]
WARNING: [Synth 8-7071] port 'o_digit_1000' of module 'digitSplitter' is unconnected for instance 'U_secDisp' [D:/work_FPGA/20240513_ClockCounter/20240513_ClockCounter.srcs/sources_1/new/ClockCounter.v:55]
WARNING: [Synth 8-7023] instance 'U_secDisp' of module 'digitSplitter' has 5 connections declared, but only 3 given [D:/work_FPGA/20240513_ClockCounter/20240513_ClockCounter.srcs/sources_1/new/ClockCounter.v:55]
WARNING: [Synth 8-7071] port 'o_digit_100' of module 'digitSplitter' is unconnected for instance 'U_minDisp' [D:/work_FPGA/20240513_ClockCounter/20240513_ClockCounter.srcs/sources_1/new/ClockCounter.v:60]
WARNING: [Synth 8-7071] port 'o_digit_1000' of module 'digitSplitter' is unconnected for instance 'U_minDisp' [D:/work_FPGA/20240513_ClockCounter/20240513_ClockCounter.srcs/sources_1/new/ClockCounter.v:60]
WARNING: [Synth 8-7023] instance 'U_minDisp' of module 'digitSplitter' has 5 connections declared, but only 3 given [D:/work_FPGA/20240513_ClockCounter/20240513_ClockCounter.srcs/sources_1/new/ClockCounter.v:60]
INFO: [Synth 8-6157] synthesizing module 'mux_21' [D:/work_FPGA/20240513_ClockCounter/20240513_ClockCounter.srcs/sources_1/imports/new/fndController.v:139]
INFO: [Synth 8-226] default block is never used [D:/work_FPGA/20240513_ClockCounter/20240513_ClockCounter.srcs/sources_1/imports/new/fndController.v:146]
INFO: [Synth 8-6155] done synthesizing module 'mux_21' (5#1) [D:/work_FPGA/20240513_ClockCounter/20240513_ClockCounter.srcs/sources_1/imports/new/fndController.v:139]
INFO: [Synth 8-6157] synthesizing module 'mux' [D:/work_FPGA/20240513_ClockCounter/20240513_ClockCounter.srcs/sources_1/imports/new/fndController.v:117]
INFO: [Synth 8-226] default block is never used [D:/work_FPGA/20240513_ClockCounter/20240513_ClockCounter.srcs/sources_1/imports/new/fndController.v:127]
INFO: [Synth 8-6155] done synthesizing module 'mux' (6#1) [D:/work_FPGA/20240513_ClockCounter/20240513_ClockCounter.srcs/sources_1/imports/new/fndController.v:117]
INFO: [Synth 8-6157] synthesizing module 'Counter_10000' [D:/work_FPGA/20240513_ClockCounter/20240513_ClockCounter.srcs/sources_1/imports/new/Counter_10000.v:33]
INFO: [Synth 8-6155] done synthesizing module 'Counter_10000' (7#1) [D:/work_FPGA/20240513_ClockCounter/20240513_ClockCounter.srcs/sources_1/imports/new/Counter_10000.v:33]
INFO: [Synth 8-6157] synthesizing module 'BDCtoSEG' [D:/work_FPGA/20240513_ClockCounter/20240513_ClockCounter.srcs/sources_1/imports/new/fndController.v:72]
INFO: [Synth 8-226] default block is never used [D:/work_FPGA/20240513_ClockCounter/20240513_ClockCounter.srcs/sources_1/imports/new/fndController.v:78]
INFO: [Synth 8-6155] done synthesizing module 'BDCtoSEG' (8#1) [D:/work_FPGA/20240513_ClockCounter/20240513_ClockCounter.srcs/sources_1/imports/new/fndController.v:72]
INFO: [Synth 8-6157] synthesizing module 'Decoder_2_4' [D:/work_FPGA/20240513_ClockCounter/20240513_ClockCounter.srcs/sources_1/imports/new/fndController.v:101]
INFO: [Synth 8-6155] done synthesizing module 'Decoder_2_4' (9#1) [D:/work_FPGA/20240513_ClockCounter/20240513_ClockCounter.srcs/sources_1/imports/new/fndController.v:101]
INFO: [Synth 8-6155] done synthesizing module 'ClockCounter' (10#1) [D:/work_FPGA/20240513_ClockCounter/20240513_ClockCounter.srcs/sources_1/new/ClockCounter.v:3]
---------------------------------------------------------------------------------
Finished RTL Elaboration : Time (s): cpu = 00:00:02 ; elapsed = 00:00:04 . Memory (MB): peak = 1102.715 ; gain = 0.000
---------------------------------------------------------------------------------
---------------------------------------------------------------------------------
Start Handling Custom Attributes
---------------------------------------------------------------------------------
---------------------------------------------------------------------------------
Finished Handling Custom Attributes : Time (s): cpu = 00:00:02 ; elapsed = 00:00:04 . Memory (MB): peak = 1102.715 ; gain = 0.000
---------------------------------------------------------------------------------
---------------------------------------------------------------------------------
Finished RTL Optimization Phase 1 : Time (s): cpu = 00:00:02 ; elapsed = 00:00:04 . Memory (MB): peak = 1102.715 ; gain = 0.000
---------------------------------------------------------------------------------
Netlist sorting complete. Time (s): cpu = 00:00:00 ; elapsed = 00:00:00.002 . Memory (MB): peak = 1102.715 ; gain = 0.000
INFO: [Project 1-570] Preparing netlist for logic optimization

Processing XDC Constraints
Initializing timing engine
Parsing XDC File [D:/work_FPGA/20240513_ClockCounter/20240513_ClockCounter.srcs/constrs_1/imports/work_FPGA/MY_Basys-3-Master.xdc]
Finished Parsing XDC File [D:/work_FPGA/20240513_ClockCounter/20240513_ClockCounter.srcs/constrs_1/imports/work_FPGA/MY_Basys-3-Master.xdc]
INFO: [Project 1-236] Implementation specific constraints were found while reading constraint file [D:/work_FPGA/20240513_ClockCounter/20240513_ClockCounter.srcs/constrs_1/imports/work_FPGA/MY_Basys-3-Master.xdc]. These constraints will be ignored for synthesis but will be used in implementation. Impacted constraints are listed in the file [.Xil/ClockCounter_propImpl.xdc].
Resolution: To avoid this warning, move constraints listed in [.Xil/ClockCounter_propImpl.xdc] to another XDC file and exclude this new file from synthesis with the used_in_synthesis property (File Properties dialog in GUI) and re-run elaboration/synthesis.
Completed Processing XDC Constraints

Netlist sorting complete. Time (s): cpu = 00:00:00 ; elapsed = 00:00:00 . Memory (MB): peak = 1168.301 ; gain = 0.000
INFO: [Project 1-111] Unisim Transformation Summary:
No Unisim elements were transformed.

Constraint Validation Runtime : Time (s): cpu = 00:00:00 ; elapsed = 00:00:00.001 . Memory (MB): peak = 1168.301 ; gain = 0.000
---------------------------------------------------------------------------------
Finished Constraint Validation : Time (s): cpu = 00:00:05 ; elapsed = 00:00:08 . Memory (MB): peak = 1168.301 ; gain = 65.586
---------------------------------------------------------------------------------
---------------------------------------------------------------------------------
Start Loading Part and Timing Information
---------------------------------------------------------------------------------
Loading part: xc7a35tcpg236-1
---------------------------------------------------------------------------------
Finished Loading Part and Timing Information : Time (s): cpu = 00:00:05 ; elapsed = 00:00:08 . Memory (MB): peak = 1168.301 ; gain = 65.586
---------------------------------------------------------------------------------
---------------------------------------------------------------------------------
Start Applying 'set_property' XDC Constraints
---------------------------------------------------------------------------------
---------------------------------------------------------------------------------
Finished applying 'set_property' XDC Constraints : Time (s): cpu = 00:00:05 ; elapsed = 00:00:08 . Memory (MB): peak = 1168.301 ; gain = 65.586
---------------------------------------------------------------------------------
---------------------------------------------------------------------------------
Finished RTL Optimization Phase 2 : Time (s): cpu = 00:00:06 ; elapsed = 00:00:08 . Memory (MB): peak = 1168.301 ; gain = 65.586
---------------------------------------------------------------------------------
---------------------------------------------------------------------------------
Start RTL Component Statistics 
---------------------------------------------------------------------------------
Detailed RTL Component Info : 
+---Adders : 
	   2 Input   27 Bit       Adders := 1     
	   2 Input   24 Bit       Adders := 1     
	   2 Input   17 Bit       Adders := 1     
	   2 Input   14 Bit       Adders := 1     
	   2 Input    6 Bit       Adders := 2     
	   2 Input    2 Bit       Adders := 1     
+---Registers : 
	               27 Bit    Registers := 1     
	               24 Bit    Registers := 1     
	               17 Bit    Registers := 1     
	               14 Bit    Registers := 1     
	                6 Bit    Registers := 2     
	                2 Bit    Registers := 1     
	                1 Bit    Registers := 5     
+---Muxes : 
	   2 Input   27 Bit        Muxes := 1     
	   2 Input   24 Bit        Muxes := 1     
	   2 Input   17 Bit        Muxes := 1     
	   2 Input   14 Bit        Muxes := 1     
	   2 Input    6 Bit        Muxes := 2     
	   2 Input    4 Bit        Muxes := 1     
	   4 Input    4 Bit        Muxes := 3     
	   2 Input    2 Bit        Muxes := 1     
	   2 Input    1 Bit        Muxes := 2     
---------------------------------------------------------------------------------
Finished RTL Component Statistics 
---------------------------------------------------------------------------------
---------------------------------------------------------------------------------
Start Part Resource Summary
---------------------------------------------------------------------------------
Part Resources:
DSPs: 90 (col length:60)
BRAMs: 100 (col length: RAMB18 60 RAMB36 30)
---------------------------------------------------------------------------------
Finished Part Resource Summary
---------------------------------------------------------------------------------
---------------------------------------------------------------------------------
Start Cross Boundary and Area Optimization
---------------------------------------------------------------------------------
---------------------------------------------------------------------------------
Finished Cross Boundary and Area Optimization : Time (s): cpu = 00:00:10 ; elapsed = 00:00:14 . Memory (MB): peak = 1168.301 ; gain = 65.586
---------------------------------------------------------------------------------
---------------------------------------------------------------------------------
Start Applying XDC Timing Constraints
---------------------------------------------------------------------------------
---------------------------------------------------------------------------------
Finished Applying XDC Timing Constraints : Time (s): cpu = 00:00:12 ; elapsed = 00:00:18 . Memory (MB): peak = 1168.301 ; gain = 65.586
---------------------------------------------------------------------------------
---------------------------------------------------------------------------------
Start Timing Optimization
---------------------------------------------------------------------------------
---------------------------------------------------------------------------------
Finished Timing Optimization : Time (s): cpu = 00:00:12 ; elapsed = 00:00:18 . Memory (MB): peak = 1169.965 ; gain = 67.250
---------------------------------------------------------------------------------
---------------------------------------------------------------------------------
Start Technology Mapping
---------------------------------------------------------------------------------
---------------------------------------------------------------------------------
Finished Technology Mapping : Time (s): cpu = 00:00:12 ; elapsed = 00:00:18 . Memory (MB): peak = 1185.324 ; gain = 82.609
---------------------------------------------------------------------------------
---------------------------------------------------------------------------------
Start IO Insertion
---------------------------------------------------------------------------------
---------------------------------------------------------------------------------
Start Flattening Before IO Insertion
---------------------------------------------------------------------------------
---------------------------------------------------------------------------------
Finished Flattening Before IO Insertion
---------------------------------------------------------------------------------
---------------------------------------------------------------------------------
Start Final Netlist Cleanup
---------------------------------------------------------------------------------
---------------------------------------------------------------------------------
Finished Final Netlist Cleanup
---------------------------------------------------------------------------------
---------------------------------------------------------------------------------
Finished IO Insertion : Time (s): cpu = 00:00:13 ; elapsed = 00:00:20 . Memory (MB): peak = 1201.188 ; gain = 98.473
---------------------------------------------------------------------------------
---------------------------------------------------------------------------------
Start Renaming Generated Instances
---------------------------------------------------------------------------------
---------------------------------------------------------------------------------
Finished Renaming Generated Instances : Time (s): cpu = 00:00:13 ; elapsed = 00:00:20 . Memory (MB): peak = 1201.188 ; gain = 98.473
---------------------------------------------------------------------------------
---------------------------------------------------------------------------------
Start Rebuilding User Hierarchy
---------------------------------------------------------------------------------
---------------------------------------------------------------------------------
Finished Rebuilding User Hierarchy : Time (s): cpu = 00:00:13 ; elapsed = 00:00:20 . Memory (MB): peak = 1201.188 ; gain = 98.473
---------------------------------------------------------------------------------
---------------------------------------------------------------------------------
Start Renaming Generated Ports
---------------------------------------------------------------------------------
---------------------------------------------------------------------------------
Finished Renaming Generated Ports : Time (s): cpu = 00:00:13 ; elapsed = 00:00:20 . Memory (MB): peak = 1201.188 ; gain = 98.473
---------------------------------------------------------------------------------
---------------------------------------------------------------------------------
Start Handling Custom Attributes
---------------------------------------------------------------------------------
---------------------------------------------------------------------------------
Finished Handling Custom Attributes : Time (s): cpu = 00:00:13 ; elapsed = 00:00:20 . Memory (MB): peak = 1201.188 ; gain = 98.473
---------------------------------------------------------------------------------
---------------------------------------------------------------------------------
Start Renaming Generated Nets
---------------------------------------------------------------------------------
---------------------------------------------------------------------------------
Finished Renaming Generated Nets : Time (s): cpu = 00:00:13 ; elapsed = 00:00:20 . Memory (MB): peak = 1201.188 ; gain = 98.473
---------------------------------------------------------------------------------
---------------------------------------------------------------------------------
Start Writing Synthesis Report
---------------------------------------------------------------------------------

Report BlackBoxes: 
+-+--------------+----------+
| |BlackBox name |Instances |
+-+--------------+----------+
+-+--------------+----------+

Report Cell Usage: 
+------+-------+------+
|      |Cell   |Count |
+------+-------+------+
|1     |BUFG   |     1|
|2     |CARRY4 |    41|
|3     |LUT1   |     8|
|4     |LUT2   |   132|
|5     |LUT3   |    43|
|6     |LUT4   |    51|
|7     |LUT5   |    33|
|8     |LUT6   |    77|
|9     |MUXF7  |     1|
|10    |FDCE   |    96|
|11    |FDRE   |     4|
|12    |IBUF   |     3|
|13    |OBUF   |    12|
+------+-------+------+
---------------------------------------------------------------------------------
Finished Writing Synthesis Report : Time (s): cpu = 00:00:13 ; elapsed = 00:00:20 . Memory (MB): peak = 1201.188 ; gain = 98.473
---------------------------------------------------------------------------------
Synthesis finished with 0 errors, 0 critical warnings and 0 warnings.
Synthesis Optimization Runtime : Time (s): cpu = 00:00:10 ; elapsed = 00:00:19 . Memory (MB): peak = 1201.188 ; gain = 32.887
Synthesis Optimization Complete : Time (s): cpu = 00:00:13 ; elapsed = 00:00:20 . Memory (MB): peak = 1201.188 ; gain = 98.473
INFO: [Project 1-571] Translating synthesized netlist
Netlist sorting complete. Time (s): cpu = 00:00:00 ; elapsed = 00:00:00.004 . Memory (MB): peak = 1213.332 ; gain = 0.000
INFO: [Netlist 29-17] Analyzing 42 Unisim elements for replacement
INFO: [Netlist 29-28] Unisim Transformation completed in 0 CPU seconds
INFO: [Project 1-570] Preparing netlist for logic optimization
INFO: [Opt 31-138] Pushed 0 inverter(s) to 0 load pin(s).
Netlist sorting complete. Time (s): cpu = 00:00:00 ; elapsed = 00:00:00 . Memory (MB): peak = 1213.332 ; gain = 0.000
INFO: [Project 1-111] Unisim Transformation Summary:
No Unisim elements were transformed.

INFO: [Common 17-83] Releasing license: Synthesis
42 Infos, 8 Warnings, 0 Critical Warnings and 0 Errors encountered.
synth_design completed successfully
synth_design: Time (s): cpu = 00:00:16 ; elapsed = 00:00:24 . Memory (MB): peak = 1213.332 ; gain = 110.617
INFO: [Common 17-1381] The checkpoint 'D:/work_FPGA/20240513_ClockCounter/20240513_ClockCounter.runs/synth_1/ClockCounter.dcp' has been generated.
INFO: [runtcl-4] Executing : report_utilization -file ClockCounter_utilization_synth.rpt -pb ClockCounter_utilization_synth.pb
INFO: [Common 17-206] Exiting Vivado at Mon May 13 17:47:57 2024...
