Vivado Simulator 2020.2
Time resolution is 1 ps
[GEN] i:31807, o:    x
[DRV] i:31807, o:    x
[MON] i:31807, o:31807
[SCB] i:31807, o:31807
--> PASS
[GEN] i:40792, o:    x
[DRV] i:40792, o:    x
[MON] i:40792, o:40792
[SCB] i:40792, o:40792
--> PASS
[GEN] i:33843, o:    x
[DRV] i:33843, o:    x
[MON] i:33843, o:33843
[SCB] i:33843, o:33843
--> PASS
[GEN] i:48181, o:    x
[DRV] i:48181, o:    x
[MON] i:48181, o:48181
[SCB] i:48181, o:48181
--> PASS
[GEN] i:65291, o:    x
[DRV] i:65291, o:    x
[MON] i:65291, o:65291
[SCB] i:65291, o:65291
--> PASS
[GEN] i: 5848, o:    x
[DRV] i: 5848, o:    x
[MON] i: 5848, o: 5848
[SCB] i: 5848, o: 5848
--> PASS
[GEN] i:16429, o:    x
[DRV] i:16429, o:    x
[MON] i:16429, o:16429
[SCB] i:16429, o:16429
--> PASS
[GEN] i:31562, o:    x
[DRV] i:31562, o:    x
[MON] i:31562, o:31562
[SCB] i:31562, o:31562
--> PASS
[GEN] i:46640, o:    x
[DRV] i:46640, o:    x
[MON] i:46640, o:46640
[SCB] i:46640, o:46640
--> PASS
[GEN] i:50273, o:    x
[DRV] i:50273, o:    x
[MON] i:50273, o:50273
[SCB] i:50273, o:50273
--> PASS
[GEN] i:14207, o:    x
[DRV] i:14207, o:    x
[MON] i:14207, o:14207
[SCB] i:14207, o:14207
--> PASS
[GEN] i:46395, o:    x
[DRV] i:46395, o:    x
[MON] i:46395, o:46395
[SCB] i:46395, o:46395
--> PASS
[GEN] i:56121, o:    x
[DRV] i:56121, o:    x
[MON] i:56121, o:56121
[SCB] i:56121, o:56121
--> PASS
[GEN] i:30637, o:    x
[DRV] i:30637, o:    x
[MON] i:30637, o:30637
[SCB] i:30637, o:30637
--> PASS
[GEN] i:12421, o:    x
[DRV] i:12421, o:    x
[MON] i:12421, o:12421
[SCB] i:12421, o:12421
--> PASS
[GEN] i:37226, o:    x
[DRV] i:37226, o:    x
[MON] i:37226, o:37226
[SCB] i:37226, o:37226
--> PASS
[GEN] i:15374, o:    x
[DRV] i:15374, o:    x
[MON] i:15374, o:15374
[SCB] i:15374, o:15374
--> PASS
[GEN] i:26629, o:    x
[DRV] i:26629, o:    x
[MON] i:26629, o:26629
[SCB] i:26629, o:26629
--> PASS
[GEN] i:18085, o:    x
[DRV] i:18085, o:    x
[MON] i:18085, o:18085
[SCB] i:18085, o:18085
--> PASS
[GEN] i: 5959, o:    x
[DRV] i: 5959, o:    x
[MON] i: 5959, o: 5959
[SCB] i: 5959, o: 5959
--> PASS
[GEN] i:57266, o:    x
[DRV] i:57266, o:    x
[MON] i:57266, o:57266
[SCB] i:57266, o:57266
--> PASS
[GEN] i:30507, o:    x
[DRV] i:30507, o:    x
[MON] i:30507, o:30507
[SCB] i:30507, o:30507
--> PASS
[GEN] i:43185, o:    x
[DRV] i:43185, o:    x
[MON] i:43185, o:43185
[SCB] i:43185, o:43185
--> PASS
[GEN] i: 7104, o:    x
[DRV] i: 7104, o:    x
[MON] i: 7104, o: 7104
[SCB] i: 7104, o: 7104
--> PASS
[GEN] i:57136, o:    x
[DRV] i:57136, o:    x
[MON] i:57136, o:57136
[SCB] i:57136, o:57136
--> PASS
[GEN] i:61271, o:    x
[DRV] i:61271, o:    x
[MON] i:61271, o:61271
[SCB] i:61271, o:61271
--> PASS
[GEN] i:13063, o:    x
[DRV] i:13063, o:    x
[MON] i:13063, o:13063
[SCB] i:13063, o:13063
--> PASS
[GEN] i:48866, o:    x
[DRV] i:48866, o:    x
[MON] i:48866, o:48866
[SCB] i:48866, o:48866
--> PASS
[GEN] i:26242, o:    x
[DRV] i:26242, o:    x
[MON] i:26242, o:26242
[SCB] i:26242, o:26242
--> PASS
[GEN] i:56249, o:    x
[DRV] i:56249, o:    x
[MON] i:56249, o:56249
[SCB] i:56249, o:56249
--> PASS
[GEN] i:55970, o:    x
[DRV] i:55970, o:    x
[MON] i:55970, o:55970
[SCB] i:55970, o:55970
--> PASS
[GEN] i:17842, o:    x
[DRV] i:17842, o:    x
[MON] i:17842, o:17842
[SCB] i:17842, o:17842
--> PASS
[GEN] i:51984, o:    x
[DRV] i:51984, o:    x
[MON] i:51984, o:51984
[SCB] i:51984, o:51984
--> PASS
[GEN] i: 3497, o:    x
[DRV] i: 3497, o:    x
[MON] i: 3497, o: 3497
[SCB] i: 3497, o: 3497
--> PASS
[GEN] i: 1172, o:    x
[DRV] i: 1172, o:    x
[MON] i: 1172, o: 1172
[SCB] i: 1172, o: 1172
--> PASS
[GEN] i:12690, o:    x
[DRV] i:12690, o:    x
[MON] i:12690, o:12690
[SCB] i:12690, o:12690
--> PASS
[GEN] i:59746, o:    x
[DRV] i:59746, o:    x
[MON] i:59746, o:59746
[SCB] i:59746, o:59746
--> PASS
[GEN] i:57142, o:    x
[DRV] i:57142, o:    x
[MON] i:57142, o:57142
[SCB] i:57142, o:57142
--> PASS
[GEN] i:30532, o:    x
[DRV] i:30532, o:    x
[MON] i:30532, o:30532
[SCB] i:30532, o:30532
--> PASS
[GEN] i:46194, o:    x
[DRV] i:46194, o:    x
[MON] i:46194, o:46194
[SCB] i:46194, o:46194
--> PASS
[GEN] i:60639, o:    x
[DRV] i:60639, o:    x
[MON] i:60639, o:60639
[SCB] i:60639, o:60639
--> PASS
[GEN] i:31704, o:    x
[DRV] i:31704, o:    x
[MON] i:31704, o:31704
[SCB] i:31704, o:31704
--> PASS
[GEN] i:58884, o:    x
[DRV] i:58884, o:    x
[MON] i:58884, o:58884
[SCB] i:58884, o:58884
--> PASS
[GEN] i:54850, o:    x
[DRV] i:54850, o:    x
[MON] i:54850, o:54850
[SCB] i:54850, o:54850
--> PASS
[GEN] i:23310, o:    x
[DRV] i:23310, o:    x
[MON] i:23310, o:23310
[SCB] i:23310, o:23310
--> PASS
[GEN] i:23880, o:    x
[DRV] i:23880, o:    x
[MON] i:23880, o:23880
[SCB] i:23880, o:23880
--> PASS
[GEN] i:35508, o:    x
[DRV] i:35508, o:    x
[MON] i:35508, o:35508
[SCB] i:35508, o:35508
--> PASS
[GEN] i:18413, o:    x
[DRV] i:18413, o:    x
[MON] i:18413, o:18413
[SCB] i:18413, o:18413
--> PASS
[GEN] i:55584, o:    x
[DRV] i:55584, o:    x
